<?xml version="1.0" encoding="UTF-8"?>
<!-- Generated by org.testng.reporters.JUnitXMLReporter -->
<testsuite hostname="ArjunGupta" name="Test2" tests="1" failures="1" timestamp="26 Dec 2019 17:10:26 GMT" time="30.359" errors="0">
  <testcase name="testVTC1" time="8.025" classname="com.actitime.test.TestValidLogin">
    <failure type="java.lang.AssertionError" message="null">
      <![CDATA[java.lang.AssertionError: null
	at com.actitime.test.TestValidLogin.testVTC1(TestValidLogin.java:24)
... Removed 27 stack frames]]>
    </failure>
  </testcase> <!-- testVTC1 -->
</testsuite> <!-- Test2 -->
